1632312840976	geckodriver	INFO	Listening on 127.0.0.1:65393
1632312844024	mozrunner::runner	INFO	Running command: "C:\\Program Files\\Mozilla Firefox\\firefox.exe" "--marionette" "-no-remote" "-profile" "C:\\Users\\terry\\AppData\\Local\\Temp\\rust_mozprofile7nafIh"
1632312844339	Marionette	INFO	Marionette enabled
console.warn: SearchSettings: "get: No settings file exists, new profile?" (new NotFoundError("Could not open the file at C:\\Users\\terry\\AppData\\Local\\Temp\\rust_mozprofile7nafIh\\search.json.mozlz4", (void 0)))
1632312846549	Marionette	INFO	Listening on port 65454
1632312846716	RemoteAgent	WARN	TLS certificate errors will be ignored for this session
JavaScript error: https://playoverwatch.com/en-us/search/?q=Entr0py line 1 > injectedScript, line 4: TypeError: window.optimizely is undefined
1632312910827	Marionette	INFO	Stopped listening on port 65454
JavaScript error: resource:///modules/Interactions.jsm, line 230: NS_ERROR_FAILURE: Component returned failure code: 0x80004005 (NS_ERROR_FAILURE) [nsIUserIdleService.removeIdleObserver]
JavaScript error: resource://gre/modules/AsyncShutdown.jsm, line 718: Error: Phase "Sqlite.jsm: wait until all connections are closed" is finished, it is too late to register completion condition "protections.sqlite#0: waiting for shutdown"
1632313070488	geckodriver	INFO	Listening on 127.0.0.1:53315
1632313073527	mozrunner::runner	INFO	Running command: "C:\\Program Files\\Mozilla Firefox\\firefox.exe" "--marionette" "-no-remote" "-profile" "C:\\Users\\terry\\AppData\\Local\\Temp\\rust_mozprofilevh8ny4"
1632313073797	Marionette	INFO	Marionette enabled
console.warn: SearchSettings: "get: No settings file exists, new profile?" (new NotFoundError("Could not open the file at C:\\Users\\terry\\AppData\\Local\\Temp\\rust_mozprofilevh8ny4\\search.json.mozlz4", (void 0)))
1632313076073	Marionette	INFO	Listening on port 53382
1632313076207	RemoteAgent	WARN	TLS certificate errors will be ignored for this session
JavaScript error: https://playoverwatch.com/en-us/search/?q=Entr0py line 1 > injectedScript, line 4: TypeError: window.optimizely is undefined
1632313100824	Marionette	INFO	Stopped listening on port 53382
JavaScript error: resource:///modules/Interactions.jsm, line 230: NS_ERROR_FAILURE: Component returned failure code: 0x80004005 (NS_ERROR_FAILURE) [nsIUserIdleService.removeIdleObserver]

###!!! [Child][MessageChannel] Error: (msgtype=0x590004,name=PHttpChannel::Msg_Cancel) Channel closing: too late to send/recv, messages will be lost


###!!! [Child][MessageChannel] Error: (msgtype=0x590008,name=PHttpChannel::Msg_DeletingChannel) Channel closing: too late to send/recv, messages will be lost

1632313102036	geckodriver	INFO	Listening on 127.0.0.1:54011
1632313105079	mozrunner::runner	INFO	Running command: "C:\\Program Files\\Mozilla Firefox\\firefox.exe" "--marionette" "-no-remote" "-profile" "C:\\Users\\terry\\AppData\\Local\\Temp\\rust_mozprofile1oJzHf"
1632313105338	Marionette	INFO	Marionette enabled
console.warn: SearchSettings: "get: No settings file exists, new profile?" (new NotFoundError("Could not open the file at C:\\Users\\terry\\AppData\\Local\\Temp\\rust_mozprofile1oJzHf\\search.json.mozlz4", (void 0)))
1632313107259	Marionette	INFO	Listening on port 54076
1632313107758	RemoteAgent	WARN	TLS certificate errors will be ignored for this session
JavaScript error: https://playoverwatch.com/en-us/search/?q=Entr0py line 1 > injectedScript, line 4: TypeError: window.optimizely is undefined
1632313111480	Marionette	INFO	Stopped listening on port 54076
JavaScript error: resource:///modules/Interactions.jsm, line 230: NS_ERROR_FAILURE: Component returned failure code: 0x80004005 (NS_ERROR_FAILURE) [nsIUserIdleService.removeIdleObserver]
[Parent 19812, IPC I/O Parent] WARNING: pipe error: 232: file /builds/worker/checkouts/gecko/ipc/chromium/src/chrome/common/ipc_channel_win.cc:544

###!!! [Child][MessageChannel] Error: (msgtype=0x590008,name=PHttpChannel::Msg_DeletingChannel) Channel closing: too late to send/recv, messages will be lost


###!!! [Child][MessageChannel] Error: (msgtype=0x590007,name=PHttpChannel::Msg_RemoveCorsPreflightCacheEntry) Channel closing: too late to send/recv, messages will be lost


###!!! [Parent][MessageChannel] Error: (msgtype=0x390077,name=PContent::Msg_DestroyBrowsingContextGroup) Closed channel: cannot send/recv


###!!! [Child][MessageChannel] Error: (msgtype=0x590008,name=PHttpChannel::Msg_DeletingChannel) Channel closing: too late to send/recv, messages will be lost


###!!! [Child][RunMessage] Error: Channel closing: too late to send/recv, messages will be lost

JavaScript error: resource://gre/modules/Sqlite.jsm, line 1030: Error: Sqlite.jsm has been shutdown. Cannot open connection to: C:\Users\terry\AppData\Local\Temp\rust_mozprofile1oJzHf\protections.sqlite

###!!! [Child][RunMessage] Error: Channel closing: too late to send/recv, messages will be lost


###!!! [Child][RunMessage] Error: Channel closing: too late to send/recv, messages will be lost


###!!! [Child][RunMessage] Error: Channel closing: too late to send/recv, messages will be lost


###!!! [Child][RunMessage] Error: Channel closing: too late to send/recv, messages will be lost


###!!! [Child][MessageChannel] Error: (msgtype=0x390142,name=PContent::Msg_ScriptError) Channel closing: too late to send/recv, messages will be lost

1632313449518	geckodriver	INFO	Listening on 127.0.0.1:60551
1632313452560	mozrunner::runner	INFO	Running command: "C:\\Program Files\\Mozilla Firefox\\firefox.exe" "--marionette" "-no-remote" "-profile" "C:\\Users\\terry\\AppData\\Local\\Temp\\rust_mozprofileGf4iMu"
1632313452835	Marionette	INFO	Marionette enabled
console.warn: SearchSettings: "get: No settings file exists, new profile?" (new NotFoundError("Could not open the file at C:\\Users\\terry\\AppData\\Local\\Temp\\rust_mozprofileGf4iMu\\search.json.mozlz4", (void 0)))
1632313454869	Marionette	INFO	Listening on port 60617
1632313455240	RemoteAgent	WARN	TLS certificate errors will be ignored for this session
JavaScript error: https://playoverwatch.com/en-us/search/?q=Entr0py line 1 > injectedScript, line 4: TypeError: window.optimizely is undefined
1632313460585	Marionette	INFO	Stopped listening on port 60617
JavaScript error: resource:///modules/Interactions.jsm, line 230: NS_ERROR_FAILURE: Component returned failure code: 0x80004005 (NS_ERROR_FAILURE) [nsIUserIdleService.removeIdleObserver]

###!!! [Parent][MessageChannel] Error: (msgtype=0x390077,name=PContent::Msg_DestroyBrowsingContextGroup) Closed channel: cannot send/recv

JavaScript error: resource://gre/modules/Sqlite.jsm, line 1030: Error: Sqlite.jsm has been shutdown. Cannot open connection to: C:\Users\terry\AppData\Local\Temp\rust_mozprofileGf4iMu\protections.sqlite

###!!! [Child][MessageChannel] Error: (msgtype=0x590007,name=PHttpChannel::Msg_RemoveCorsPreflightCacheEntry) Channel closing: too late to send/recv, messages will be lost


###!!! [Child][MessageChannel] Error: (msgtype=0x590008,name=PHttpChannel::Msg_DeletingChannel) Channel closing: too late to send/recv, messages will be lost


###!!! [Child][MessageChannel] Error: (msgtype=0x590007,name=PHttpChannel::Msg_RemoveCorsPreflightCacheEntry) Channel closing: too late to send/recv, messages will be lost


###!!! [Child][MessageChannel] Error: (msgtype=0x590008,name=PHttpChannel::Msg_DeletingChannel) Channel closing: too late to send/recv, messages will be lost


###!!! [Child][MessageChannel] Error: (msgtype=0x590008,name=PHttpChannel::Msg_DeletingChannel) Channel closing: too late to send/recv, messages will be lost


###!!! [Child][RunMessage] Error: Channel closing: too late to send/recv, messages will be lost


###!!! [Child][RunMessage] Error: Channel closing: too late to send/recv, messages will be lost


###!!! [Child][RunMessage] Error: Channel closing: too late to send/recv, messages will be lost


###!!! [Child][RunMessage] Error: Channel closing: too late to send/recv, messages will be lost


###!!! [Child][MessageChannel] Error: (msgtype=0x390142,name=PContent::Msg_ScriptError) Channel closing: too late to send/recv, messages will be lost

1632313468990	geckodriver	INFO	Listening on 127.0.0.1:60994
1632313472027	mozrunner::runner	INFO	Running command: "C:\\Program Files\\Mozilla Firefox\\firefox.exe" "--marionette" "-no-remote" "-profile" "C:\\Users\\terry\\AppData\\Local\\Temp\\rust_mozprofileBL0Xky"
1632313472290	Marionette	INFO	Marionette enabled
console.warn: SearchSettings: "get: No settings file exists, new profile?" (new NotFoundError("Could not open the file at C:\\Users\\terry\\AppData\\Local\\Temp\\rust_mozprofileBL0Xky\\search.json.mozlz4", (void 0)))
1632313474731	Marionette	INFO	Listening on port 61059
1632313475213	RemoteAgent	WARN	TLS certificate errors will be ignored for this session
JavaScript error: https://playoverwatch.com/en-us/search/?q=Entr0py line 1 > injectedScript, line 4: TypeError: window.optimizely is undefined
1632313478944	Marionette	INFO	Stopped listening on port 61059
JavaScript error: resource:///modules/Interactions.jsm, line 230: NS_ERROR_FAILURE: Component returned failure code: 0x80004005 (NS_ERROR_FAILURE) [nsIUserIdleService.removeIdleObserver]

###!!! [Child][MessageChannel] Error: (msgtype=0x590007,name=PHttpChannel::Msg_RemoveCorsPreflightCacheEntry) Channel closing: too late to send/recv, messages will be lost


###!!! [Child][MessageChannel] Error: (msgtype=0x590008,name=PHttpChannel::Msg_DeletingChannel) Channel closing: too late to send/recv, messages will be lost


###!!! [Child][MessageChannel] Error: (msgtype=0x390142,name=PContent::Msg_ScriptError) Channel closing: too late to send/recv, messages will be lost


###!!! [Child][RunMessage] Error: Channel closing: too late to send/recv, messages will be lost

1632314118429	geckodriver	INFO	Listening on 127.0.0.1:56730
1632314121463	mozrunner::runner	INFO	Running command: "C:\\Program Files\\Mozilla Firefox\\firefox.exe" "--marionette" "-no-remote" "-profile" "C:\\Users\\terry\\AppData\\Local\\Temp\\rust_mozprofiletbn0HG"
1632314121799	Marionette	INFO	Marionette enabled
console.warn: SearchSettings: "get: No settings file exists, new profile?" (new NotFoundError("Could not open the file at C:\\Users\\terry\\AppData\\Local\\Temp\\rust_mozprofiletbn0HG\\search.json.mozlz4", (void 0)))
1632314123551	Marionette	INFO	Listening on port 56796
1632314123636	RemoteAgent	WARN	TLS certificate errors will be ignored for this session
JavaScript error: https://playoverwatch.com/en-us/search/?q=Entr0py line 1 > injectedScript, line 4: TypeError: window.optimizely is undefined
1632314132750	Marionette	INFO	Stopped listening on port 56796
JavaScript error: resource:///modules/Interactions.jsm, line 230: NS_ERROR_FAILURE: Component returned failure code: 0x80004005 (NS_ERROR_FAILURE) [nsIUserIdleService.removeIdleObserver]

###!!! [Child][MessageChannel] Error: (msgtype=0x390142,name=PContent::Msg_ScriptError) Channel closing: too late to send/recv, messages will be lost


###!!! [Child][MessageChannel] Error: (msgtype=0x390142,name=PContent::Msg_ScriptError) Channel closing: too late to send/recv, messages will be lost


###!!! [Child][RunMessage] Error: Channel closing: too late to send/recv, messages will be lost


###!!! [Child][RunMessage] Error: Channel closing: too late to send/recv, messages will be lost


###!!! [Child][RunMessage] Error: Channel closing: too late to send/recv, messages will be lost


###!!! [Child][RunMessage] Error: Channel closing: too late to send/recv, messages will be lost


###!!! [Child][RunMessage] Error: Channel closing: too late to send/recv, messages will be lost


###!!! [Parent][MessageChannel] Error: (msgtype=0x390077,name=PContent::Msg_DestroyBrowsingContextGroup) Closed channel: cannot send/recv

JavaScript error: resource://gre/modules/Sqlite.jsm, line 1030: Error: Sqlite.jsm has been shutdown. Cannot open connection to: C:\Users\terry\AppData\Local\Temp\rust_mozprofiletbn0HG\protections.sqlite
1632314279711	geckodriver	INFO	Listening on 127.0.0.1:50520
1632314282758	mozrunner::runner	INFO	Running command: "C:\\Program Files\\Mozilla Firefox\\firefox.exe" "--marionette" "-no-remote" "-profile" "C:\\Users\\terry\\AppData\\Local\\Temp\\rust_mozprofileHZkAHN"
1632314283065	Marionette	INFO	Marionette enabled
console.warn: SearchSettings: "get: No settings file exists, new profile?" (new NotFoundError("Could not open the file at C:\\Users\\terry\\AppData\\Local\\Temp\\rust_mozprofileHZkAHN\\search.json.mozlz4", (void 0)))
1632314285422	Marionette	INFO	Listening on port 50581
1632314285438	RemoteAgent	WARN	TLS certificate errors will be ignored for this session
JavaScript error: https://playoverwatch.com/en-us/search/?q=Entr0py line 1 > injectedScript, line 4: TypeError: window.optimizely is undefined
1632314288737	Marionette	INFO	Stopped listening on port 50581
JavaScript error: resource:///modules/Interactions.jsm, line 230: NS_ERROR_FAILURE: Component returned failure code: 0x80004005 (NS_ERROR_FAILURE) [nsIUserIdleService.removeIdleObserver]

###!!! [Child][RunMessage] Error: Channel closing: too late to send/recv, messages will be lost


###!!! [Child][RunMessage] Error: Channel closing: too late to send/recv, messages will be lost


###!!! [Child][MessageChannel] Error: (msgtype=0x390142,name=PContent::Msg_ScriptError) Channel closing: too late to send/recv, messages will be lost


###!!! [Child][MessageChannel] Error: (msgtype=0x390142,name=PContent::Msg_ScriptError) Channel closing: too late to send/recv, messages will be lost


###!!! [Child][RunMessage] Error: Channel closing: too late to send/recv, messages will be lost


###!!! [Child][RunMessage] Error: Channel closing: too late to send/recv, messages will be lost


###!!! [Child][MessageChannel] Error: (msgtype=0x23002F,name=PBrowser::Msg___delete__) Channel closing: too late to send/recv, messages will be lost


###!!! [Parent][MessageChannel] Error: (msgtype=0x390077,name=PContent::Msg_DestroyBrowsingContextGroup) Closed channel: cannot send/recv

JavaScript error: resource://gre/modules/Sqlite.jsm, line 1030: Error: Sqlite.jsm has been shutdown. Cannot open connection to: C:\Users\terry\AppData\Local\Temp\rust_mozprofileHZkAHN\protections.sqlite
1632314423706	geckodriver	INFO	Listening on 127.0.0.1:53266
1632314426738	mozrunner::runner	INFO	Running command: "C:\\Program Files\\Mozilla Firefox\\firefox.exe" "--marionette" "-no-remote" "-profile" "C:\\Users\\terry\\AppData\\Local\\Temp\\rust_mozprofile3jHEJc"
1632314427001	Marionette	INFO	Marionette enabled
console.warn: SearchSettings: "get: No settings file exists, new profile?" (new NotFoundError("Could not open the file at C:\\Users\\terry\\AppData\\Local\\Temp\\rust_mozprofile3jHEJc\\search.json.mozlz4", (void 0)))
1632314429055	Marionette	INFO	Listening on port 53327
1632314429418	RemoteAgent	WARN	TLS certificate errors will be ignored for this session
JavaScript error: https://playoverwatch.com/en-us/search/?q=Entr0py line 1 > injectedScript, line 4: TypeError: window.optimizely is undefined
1632314433947	Marionette	INFO	Stopped listening on port 53327
JavaScript error: resource:///modules/Interactions.jsm, line 230: NS_ERROR_FAILURE: Component returned failure code: 0x80004005 (NS_ERROR_FAILURE) [nsIUserIdleService.removeIdleObserver]
1632314457458	geckodriver	INFO	Listening on 127.0.0.1:53979
1632314460504	mozrunner::runner	INFO	Running command: "C:\\Program Files\\Mozilla Firefox\\firefox.exe" "--marionette" "-no-remote" "-profile" "C:\\Users\\terry\\AppData\\Local\\Temp\\rust_mozprofileBeayik"
1632314460780	Marionette	INFO	Marionette enabled
console.warn: SearchSettings: "get: No settings file exists, new profile?" (new NotFoundError("Could not open the file at C:\\Users\\terry\\AppData\\Local\\Temp\\rust_mozprofileBeayik\\search.json.mozlz4", (void 0)))
1632314462719	Marionette	INFO	Listening on port 54041
1632314463184	RemoteAgent	WARN	TLS certificate errors will be ignored for this session
JavaScript error: https://playoverwatch.com/en-us/search/?q=Entr0py line 1 > injectedScript, line 4: TypeError: window.optimizely is undefined
1632314466730	Marionette	INFO	Stopped listening on port 54041
JavaScript error: resource:///modules/Interactions.jsm, line 230: NS_ERROR_FAILURE: Component returned failure code: 0x80004005 (NS_ERROR_FAILURE) [nsIUserIdleService.removeIdleObserver]

###!!! [Child][MessageChannel] Error: (msgtype=0x590007,name=PHttpChannel::Msg_RemoveCorsPreflightCacheEntry) Channel closing: too late to send/recv, messages will be lost


###!!! [Child][MessageChannel] Error: (msgtype=0x590008,name=PHttpChannel::Msg_DeletingChannel) Channel closing: too late to send/recv, messages will be lost


###!!! [Child][MessageChannel] Error: (msgtype=0x590008,name=PHttpChannel::Msg_DeletingChannel) Channel closing: too late to send/recv, messages will be lost


###!!! [Child][RunMessage] Error: Channel closing: too late to send/recv, messages will be lost


###!!! [Child][RunMessage] Error: Channel closing: too late to send/recv, messages will be lost


###!!! [Child][RunMessage] Error: Channel closing: too late to send/recv, messages will be lost


###!!! [Child][RunMessage] Error: Channel closing: too late to send/recv, messages will be lost


###!!! [Child][RunMessage] Error: Channel closing: too late to send/recv, messages will be lost


###!!! [Child][MessageChannel] Error: (msgtype=0x390142,name=PContent::Msg_ScriptError) Channel closing: too late to send/recv, messages will be lost


###!!! [Parent][MessageChannel] Error: (msgtype=0x390077,name=PContent::Msg_DestroyBrowsingContextGroup) Closed channel: cannot send/recv

JavaScript error: resource://gre/modules/Sqlite.jsm, line 1030: Error: Sqlite.jsm has been shutdown. Cannot open connection to: C:\Users\terry\AppData\Local\Temp\rust_mozprofileBeayik\protections.sqlite
